2026-01-25 03:19:23,866 - api.main - INFO - Starting app...
2026-01-25 03:19:23,866 - api.inference - INFO - Loading model from models/best_model.pt
2026-01-25 03:19:23,904 - api.inference - INFO - Model metadata: {'epoch': 4, 'train_loss': 0.08678917273879051, 'val_loss': 0.017210168364856924, 'loss_type': 'margin'}
2026-01-25 03:19:23,912 - api.inference - INFO - Inferred input_dim=398, meta_feature_dim=14
2026-01-25 03:19:23,912 - api.inference - ERROR - Failed to load model: TwoTowerModel.__init__() got an unexpected keyword argument 'tower_hidden_dim'. Did you mean 'tower_hidden_dims'?
2026-01-25 03:19:23,912 - api.main - ERROR - Failed to load model on startup: TwoTowerModel.__init__() got an unexpected keyword argument 'tower_hidden_dim'. Did you mean 'tower_hidden_dims'?
2026-01-25 03:20:23,990 - api.main - INFO - Shutting down app...
2026-01-25 03:20:28,385 - api.main - INFO - Starting app...
2026-01-25 03:20:28,385 - api.inference - INFO - Loading model from models/best_model.pt
2026-01-25 03:20:28,426 - api.inference - INFO - Model metadata: {'epoch': 4, 'train_loss': 0.08678917273879051, 'val_loss': 0.017210168364856924, 'loss_type': 'margin'}
2026-01-25 03:20:28,426 - api.inference - INFO - Inferred input_dim=398, meta_feature_dim=14
2026-01-25 03:20:28,442 - api.inference - INFO - Model loaded done.
2026-01-25 03:20:28,442 - api.main - INFO - Model loaded successfully
2026-01-25 03:20:31,338 - api.main - INFO - Starting app...
2026-01-25 03:20:31,338 - api.inference - INFO - Loading model from models/best_model.pt
2026-01-25 03:20:31,347 - api.inference - INFO - Model metadata: {'epoch': 4, 'train_loss': 0.08678917273879051, 'val_loss': 0.017210168364856924, 'loss_type': 'margin'}
2026-01-25 03:20:31,347 - api.inference - INFO - Inferred input_dim=398, meta_feature_dim=14
2026-01-25 03:20:31,349 - api.inference - INFO - Model loaded done.
2026-01-25 03:20:31,350 - api.main - INFO - Model loaded successfully
2026-01-25 03:21:35,704 - api.main - INFO - Shutting down app...
